[0.034s] Invoking command in '/home/namiwije/arduinobot_ws/build/arduinobot_description': /usr/bin/cmake --build /home/namiwije/arduinobot_ws/build/arduinobot_description -- -j8 -l8
[0.063s] -- Found ament_cmake: 1.3.5 (/opt/ros/humble/share/ament_cmake/cmake)
[0.167s] Traceback (most recent call last):
[0.167s]   File "/opt/ros/humble/share/ament_cmake_core/cmake/package_templates/templates_2_cmake.py", line 21, in <module>
[0.167s]     from ament_package.templates import get_environment_hook_template_path
[0.167s] ModuleNotFoundError: No module named 'ament_package'
[0.175s] [31mCMake Error at /opt/ros/humble/share/ament_cmake_core/cmake/ament_cmake_package_templates-extras.cmake:41 (message):
[0.175s]   execute_process(/usr/bin/python3.10
[0.175s]   /opt/ros/humble/share/ament_cmake_core/cmake/package_templates/templates_2_cmake.py
[0.175s]   /home/namiwije/arduinobot_ws/build/arduinobot_description/ament_cmake_package_templates/templates.cmake)
[0.175s]   returned error code 1
[0.175s] Call Stack (most recent call first):
[0.175s]   /opt/ros/humble/share/ament_cmake_core/cmake/ament_cmake_coreConfig.cmake:41 (include)
[0.175s]   /opt/ros/humble/share/ament_cmake/cmake/ament_cmake_export_dependencies-extras.cmake:15 (find_package)
[0.175s]   /opt/ros/humble/share/ament_cmake/cmake/ament_cmakeConfig.cmake:41 (include)
[0.175s]   CMakeLists.txt:9 (find_package)
[0.175s] 
[0.175s] [0m
[0.175s] -- Configuring incomplete, errors occurred!
[0.175s] See also "/home/namiwije/arduinobot_ws/build/arduinobot_description/CMakeFiles/CMakeOutput.log".
[0.177s] gmake: *** [Makefile:226: cmake_check_build_system] Error 1
[0.182s] Invoked command in '/home/namiwije/arduinobot_ws/build/arduinobot_description' returned '2': /usr/bin/cmake --build /home/namiwije/arduinobot_ws/build/arduinobot_description -- -j8 -l8
