[0.060s] Invoking command in '/home/namiwije/arduinobot_ws/build/arduinobot_controller': /usr/bin/cmake --build /home/namiwije/arduinobot_ws/build/arduinobot_controller -- -j8 -l8
[0.075s] -- Found ament_cmake: 1.3.5 (/opt/ros/humble/share/ament_cmake/cmake)
[0.182s] Traceback (most recent call last):
[0.182s]   File "/opt/ros/humble/share/ament_cmake_core/cmake/package_templates/templates_2_cmake.py", line 21, in <module>
[0.182s]     from ament_package.templates import get_environment_hook_template_path
[0.182s] ModuleNotFoundError: No module named 'ament_package'
[0.193s] [31mCMake Error at /opt/ros/humble/share/ament_cmake_core/cmake/ament_cmake_package_templates-extras.cmake:41 (message):
[0.193s]   execute_process(/usr/bin/python3.10
[0.193s]   /opt/ros/humble/share/ament_cmake_core/cmake/package_templates/templates_2_cmake.py
[0.193s]   /home/namiwije/arduinobot_ws/build/arduinobot_controller/ament_cmake_package_templates/templates.cmake)
[0.193s]   returned error code 1
[0.193s] Call Stack (most recent call first):
[0.193s]   /opt/ros/humble/share/ament_cmake_core/cmake/ament_cmake_coreConfig.cmake:41 (include)
[0.193s]   /opt/ros/humble/share/ament_cmake/cmake/ament_cmake_export_dependencies-extras.cmake:15 (find_package)
[0.194s]   /opt/ros/humble/share/ament_cmake/cmake/ament_cmakeConfig.cmake:41 (include)
[0.194s]   CMakeLists.txt:9 (find_package)
[0.194s] 
[0.194s] [0m
[0.194s] -- Configuring incomplete, errors occurred!
[0.194s] See also "/home/namiwije/arduinobot_ws/build/arduinobot_controller/CMakeFiles/CMakeOutput.log".
[0.195s] gmake: *** [Makefile:226: cmake_check_build_system] Error 1
[0.230s] Invoked command in '/home/namiwije/arduinobot_ws/build/arduinobot_controller' returned '2': /usr/bin/cmake --build /home/namiwije/arduinobot_ws/build/arduinobot_controller -- -j8 -l8
